[14:51:13] [main/INFO] [LaunchWrapper]: Loading tweak class name net.minecraftforge.fml.common.launcher.FMLTweaker
[14:51:13] [main/INFO] [LaunchWrapper]: Using primary tweak class name net.minecraftforge.fml.common.launcher.FMLTweaker
[14:51:13] [main/INFO] [LaunchWrapper]: Calling tweak class net.minecraftforge.fml.common.launcher.FMLTweaker
[14:51:13] [main/INFO] [FML]: Forge Mod Loader version 14.23.5.2859 for Minecraft 1.12.2 loading
[14:51:13] [main/INFO] [FML]: Java is Java HotSpot(TM) 64-Bit Server VM, version 1.8.0_202, running on Windows 10:amd64:10.0, installed at C:\Program Files\Java\jdk1.8.0_202\jre
[14:51:13] [main/ERROR] [FML]: Apache Maven library folder was not in the format expected. Using default libraries directory.
[14:51:13] [main/ERROR] [FML]: Full: C:\Users\Guilherme Hyde\.gradle\caches\modules-2\files-2.1\org.apache.maven\maven-artifact\3.5.3\7dc72b6d6d8a6dced3d294ed54c2cc3515ade9f4\maven-artifact-3.5.3.jar
[14:51:13] [main/ERROR] [FML]: Trimmed: c:/users/guilherme hyde/.gradle/caches/modules-2/files-2.1/org.apache.maven/maven-artifact/3.5.3/
[14:51:13] [main/INFO] [FML]: Managed to load a deobfuscated Minecraft name- we are in a deobfuscated environment. Skipping runtime deobfuscation
[14:51:13] [main/INFO] [FML]: Detected deobfuscated environment, loading log configs for colored console logs.
[14:51:13] [main/INFO] [FML]: Ignoring missing certificate for coremod FMLCorePlugin (net.minecraftforge.fml.relauncher.FMLCorePlugin), we are in deobf and it's a forge core plugin
[14:51:13] [main/INFO] [FML]: Ignoring missing certificate for coremod FMLForgePlugin (net.minecraftforge.classloading.FMLForgePlugin), we are in deobf and it's a forge core plugin
[14:51:13] [main/INFO] [FML]: Searching C:\Users\Guilherme Hyde\git\repository2\forge-1.12.2-14.23.5.2859-mdk\.\mods for mods
[14:51:13] [main/INFO] [LaunchWrapper]: Loading tweak class name net.minecraftforge.fml.common.launcher.FMLInjectionAndSortingTweaker
[14:51:13] [main/INFO] [LaunchWrapper]: Loading tweak class name net.minecraftforge.fml.common.launcher.FMLDeobfTweaker
[14:51:13] [main/INFO] [LaunchWrapper]: Calling tweak class net.minecraftforge.fml.common.launcher.FMLInjectionAndSortingTweaker
[14:51:13] [main/INFO] [LaunchWrapper]: Calling tweak class net.minecraftforge.fml.common.launcher.FMLInjectionAndSortingTweaker
[14:51:13] [main/INFO] [LaunchWrapper]: Calling tweak class net.minecraftforge.fml.relauncher.CoreModManager$FMLPluginWrapper
[14:51:13] [main/ERROR] [FML]: An error occurred loading the deobfuscation map data
java.io.FileNotFoundException: C:\Users\Guilherme Hyde\Downloads\forgecraft_modding\forge-1.12.2-14.23.5.2859-mdk\build\createSrgToMcp\output.srg (O sistema não pode encontrar o caminho especificado)
	at java.io.FileInputStream.open0(Native Method) ~[?:1.8.0_202]
	at java.io.FileInputStream.open(FileInputStream.java:195) ~[?:1.8.0_202]
	at java.io.FileInputStream.<init>(FileInputStream.java:138) ~[?:1.8.0_202]
	at com.google.common.io.Files$FileByteSource.openStream(Files.java:120) ~[guava-21.0.jar:?]
	at com.google.common.io.Files$FileByteSource.openStream(Files.java:110) ~[guava-21.0.jar:?]
	at com.google.common.io.ByteSource$AsCharSource.openStream(ByteSource.java:456) ~[guava-21.0.jar:?]
	at com.google.common.io.CharSource.readLines(CharSource.java:311) ~[guava-21.0.jar:?]
	at com.google.common.io.Files.readLines(Files.java:553) ~[guava-21.0.jar:?]
	at com.google.common.io.Files.readLines(Files.java:520) ~[guava-21.0.jar:?]
	at net.minecraftforge.fml.common.asm.transformers.deobf.FMLDeobfuscatingRemapper.setup(FMLDeobfuscatingRemapper.java:139) [forge-1.12.2-14.23.5.2859_mapped_snapshot_20171003-1.12-recomp.jar:?]
	at net.minecraftforge.fml.common.asm.FMLSanityChecker.injectData(FMLSanityChecker.java:187) [FMLSanityChecker.class:?]
	at net.minecraftforge.fml.relauncher.CoreModManager$FMLPluginWrapper.injectIntoClassLoader(CoreModManager.java:164) [forge-1.12.2-14.23.5.2859_mapped_snapshot_20171003-1.12-recomp.jar:?]
	at net.minecraft.launchwrapper.Launch.launch(Launch.java:115) [launchwrapper-1.12.jar:?]
	at net.minecraft.launchwrapper.Launch.main(Launch.java:28) [launchwrapper-1.12.jar:?]
	at sun.reflect.NativeMethodAccessorImpl.invoke0(Native Method) ~[?:1.8.0_202]
	at sun.reflect.NativeMethodAccessorImpl.invoke(NativeMethodAccessorImpl.java:62) ~[?:1.8.0_202]
	at sun.reflect.DelegatingMethodAccessorImpl.invoke(DelegatingMethodAccessorImpl.java:43) ~[?:1.8.0_202]
	at java.lang.reflect.Method.invoke(Method.java:498) ~[?:1.8.0_202]
	at net.minecraftforge.legacydev.Main.start(Main.java:86) [legacydev-0.2.3.1-fatjar.jar:0.2.3.1+4+372be23]
	at net.minecraftforge.legacydev.MainClient.main(MainClient.java:29) [legacydev-0.2.3.1-fatjar.jar:0.2.3.1+4+372be23]
[14:51:13] [main/ERROR] [LaunchWrapper]: Unable to launch
java.lang.RuntimeException: java.lang.NullPointerException
	at net.minecraftforge.fml.relauncher.CoreModManager$FMLPluginWrapper.injectIntoClassLoader(CoreModManager.java:169) ~[forge-1.12.2-14.23.5.2859_mapped_snapshot_20171003-1.12-recomp.jar:?]
	at net.minecraft.launchwrapper.Launch.launch(Launch.java:115) [launchwrapper-1.12.jar:?]
	at net.minecraft.launchwrapper.Launch.main(Launch.java:28) [launchwrapper-1.12.jar:?]
	at sun.reflect.NativeMethodAccessorImpl.invoke0(Native Method) ~[?:1.8.0_202]
	at sun.reflect.NativeMethodAccessorImpl.invoke(NativeMethodAccessorImpl.java:62) ~[?:1.8.0_202]
	at sun.reflect.DelegatingMethodAccessorImpl.invoke(DelegatingMethodAccessorImpl.java:43) ~[?:1.8.0_202]
	at java.lang.reflect.Method.invoke(Method.java:498) ~[?:1.8.0_202]
	at net.minecraftforge.legacydev.Main.start(Main.java:86) [legacydev-0.2.3.1-fatjar.jar:0.2.3.1+4+372be23]
	at net.minecraftforge.legacydev.MainClient.main(MainClient.java:29) [legacydev-0.2.3.1-fatjar.jar:0.2.3.1+4+372be23]
Caused by: java.lang.NullPointerException
	at net.minecraftforge.fml.common.asm.transformers.deobf.FMLDeobfuscatingRemapper.setup(FMLDeobfuscatingRemapper.java:170) ~[forge-1.12.2-14.23.5.2859_mapped_snapshot_20171003-1.12-recomp.jar:?]
	at net.minecraftforge.fml.common.asm.FMLSanityChecker.injectData(FMLSanityChecker.java:187) ~[forge-1.12.2-14.23.5.2859_mapped_snapshot_20171003-1.12-recomp.jar:?]
	at net.minecraftforge.fml.relauncher.CoreModManager$FMLPluginWrapper.injectIntoClassLoader(CoreModManager.java:164) ~[forge-1.12.2-14.23.5.2859_mapped_snapshot_20171003-1.12-recomp.jar:?]
	... 8 more
[14:51:13] [main/INFO] [STDERR]: [java.lang.ThreadGroup:uncaughtException:1052]: java.lang.reflect.InvocationTargetException
[14:51:13] [main/INFO] [STDERR]: [java.lang.ThreadGroup:uncaughtException:1052]: 	at sun.reflect.NativeMethodAccessorImpl.invoke0(Native Method)
[14:51:13] [main/INFO] [STDERR]: [java.lang.ThreadGroup:uncaughtException:1052]: 	at sun.reflect.NativeMethodAccessorImpl.invoke(NativeMethodAccessorImpl.java:62)
[14:51:13] [main/INFO] [STDERR]: [java.lang.ThreadGroup:uncaughtException:1052]: 	at sun.reflect.DelegatingMethodAccessorImpl.invoke(DelegatingMethodAccessorImpl.java:43)
[14:51:13] [main/INFO] [STDERR]: [java.lang.ThreadGroup:uncaughtException:1052]: 	at java.lang.reflect.Method.invoke(Method.java:498)
[14:51:13] [main/INFO] [STDERR]: [java.lang.ThreadGroup:uncaughtException:1052]: 	at net.minecraftforge.legacydev.Main.start(Main.java:86)
[14:51:13] [main/INFO] [STDERR]: [java.lang.ThreadGroup:uncaughtException:1052]: 	at net.minecraftforge.legacydev.MainClient.main(MainClient.java:29)
[14:51:13] [main/INFO] [STDERR]: [java.lang.ThreadGroup:uncaughtException:1061]: Caused by: net.minecraftforge.fml.relauncher.FMLSecurityManager$ExitTrappedException
[14:51:13] [main/INFO] [STDERR]: [java.lang.ThreadGroup:uncaughtException:1061]: 	at net.minecraftforge.fml.relauncher.FMLSecurityManager.checkPermission(FMLSecurityManager.java:49)
[14:51:13] [main/INFO] [STDERR]: [java.lang.ThreadGroup:uncaughtException:1061]: 	at java.lang.SecurityManager.checkExit(SecurityManager.java:761)
[14:51:13] [main/INFO] [STDERR]: [java.lang.ThreadGroup:uncaughtException:1061]: 	at java.lang.Runtime.exit(Runtime.java:107)
[14:51:13] [main/INFO] [STDERR]: [java.lang.ThreadGroup:uncaughtException:1061]: 	at java.lang.System.exit(System.java:971)
[14:51:13] [main/INFO] [STDERR]: [java.lang.ThreadGroup:uncaughtException:1061]: 	at net.minecraft.launchwrapper.Launch.launch(Launch.java:138)
[14:51:13] [main/INFO] [STDERR]: [java.lang.ThreadGroup:uncaughtException:1061]: 	at net.minecraft.launchwrapper.Launch.main(Launch.java:28)
[14:51:13] [main/INFO] [STDERR]: [java.lang.ThreadGroup:uncaughtException:1061]: 	... 6 more
